Determining if the pthread_create exist failed with the following output:
Change Dir: /home/silverbullet/SAMUDRA/catkin_ws/build/CMakeFiles/CMakeTmp

Run Build Command:/usr/bin/make "cmTryCompileExec3238036783/fast"
/usr/bin/make -f CMakeFiles/cmTryCompileExec3238036783.dir/build.make CMakeFiles/cmTryCompileExec3238036783.dir/build
make[1]: Entering directory `/home/silverbullet/SAMUDRA/catkin_ws/build/CMakeFiles/CMakeTmp'
/usr/bin/cmake -E cmake_progress_report /home/silverbullet/SAMUDRA/catkin_ws/build/CMakeFiles/CMakeTmp/CMakeFiles 1
Building C object CMakeFiles/cmTryCompileExec3238036783.dir/CheckSymbolExists.c.o
/usr/bin/cc    -o CMakeFiles/cmTryCompileExec3238036783.dir/CheckSymbolExists.c.o   -c /home/silverbullet/SAMUDRA/catkin_ws/build/CMakeFiles/CMakeTmp/CheckSymbolExists.c
Linking C executable cmTryCompileExec3238036783
/usr/bin/cmake -E cmake_link_script CMakeFiles/cmTryCompileExec3238036783.dir/link.txt --verbose=1
/usr/bin/cc       CMakeFiles/cmTryCompileExec3238036783.dir/CheckSymbolExists.c.o  -o cmTryCompileExec3238036783 -rdynamic 
CMakeFiles/cmTryCompileExec3238036783.dir/CheckSymbolExists.c.o: In function `main':
CheckSymbolExists.c:(.text+0x16): undefined reference to `pthread_create'
collect2: error: ld returned 1 exit status
make[1]: *** [cmTryCompileExec3238036783] Error 1
make[1]: Leaving directory `/home/silverbullet/SAMUDRA/catkin_ws/build/CMakeFiles/CMakeTmp'
make: *** [cmTryCompileExec3238036783/fast] Error 2

File /home/silverbullet/SAMUDRA/catkin_ws/build/CMakeFiles/CMakeTmp/CheckSymbolExists.c:
/* */
#include <pthread.h>

int main(int argc, char** argv)
{
  (void)argv;
#ifndef pthread_create
  return ((int*)(&pthread_create))[argc];
#else
  (void)argc;
  return 0;
#endif
}

Determining if the function pthread_create exists in the pthreads failed with the following output:
Change Dir: /home/silverbullet/SAMUDRA/catkin_ws/build/CMakeFiles/CMakeTmp

Run Build Command:/usr/bin/make "cmTryCompileExec807531757/fast"
/usr/bin/make -f CMakeFiles/cmTryCompileExec807531757.dir/build.make CMakeFiles/cmTryCompileExec807531757.dir/build
make[1]: Entering directory `/home/silverbullet/SAMUDRA/catkin_ws/build/CMakeFiles/CMakeTmp'
/usr/bin/cmake -E cmake_progress_report /home/silverbullet/SAMUDRA/catkin_ws/build/CMakeFiles/CMakeTmp/CMakeFiles 1
Building C object CMakeFiles/cmTryCompileExec807531757.dir/CheckFunctionExists.c.o
/usr/bin/cc   -DCHECK_FUNCTION_EXISTS=pthread_create   -o CMakeFiles/cmTryCompileExec807531757.dir/CheckFunctionExists.c.o   -c /usr/share/cmake-2.8/Modules/CheckFunctionExists.c
Linking C executable cmTryCompileExec807531757
/usr/bin/cmake -E cmake_link_script CMakeFiles/cmTryCompileExec807531757.dir/link.txt --verbose=1
/usr/bin/cc   -DCHECK_FUNCTION_EXISTS=pthread_create    CMakeFiles/cmTryCompileExec807531757.dir/CheckFunctionExists.c.o  -o cmTryCompileExec807531757 -rdynamic -lpthreads 
/usr/bin/ld: cannot find -lpthreads
collect2: error: ld returned 1 exit status
make[1]: *** [cmTryCompileExec807531757] Error 1
make[1]: Leaving directory `/home/silverbullet/SAMUDRA/catkin_ws/build/CMakeFiles/CMakeTmp'
make: *** [cmTryCompileExec807531757/fast] Error 2


